<?xml version="1.0" encoding="UTF-8"?>
<testng-results ignored="0" total="1" passed="1" failed="0" skipped="0">
  <reporter-output>
  </reporter-output>
  <suite started-at="2023-08-03T19:25:47 IST" name="Default suite" finished-at="2023-08-03T19:25:47 IST" duration-ms="83">
    <groups>
    </groups>
    <test started-at="2023-08-03T19:25:47 IST" name="Default test" finished-at="2023-08-03T19:25:47 IST" duration-ms="83">
      <class name="sample.Demo">
        <test-method signature="simple()[pri:0, instance:sample.Demo@7880cdf3]" started-at="2023-08-03T19:25:47 IST" name="simple" finished-at="2023-08-03T19:25:47 IST" duration-ms="14" status="PASS">
          <reporter-output>
          </reporter-output>
        </test-method> <!-- simple -->
      </class> <!-- sample.Demo -->
    </test> <!-- Default test -->
  </suite> <!-- Default suite -->
</testng-results>
