<?xml version="1.0" encoding="UTF-8"?>
<testng-results ignored="0" total="1" passed="1" failed="0" skipped="0">
  <reporter-output>
  </reporter-output>
  <suite started-at="2023-08-04T17:33:25 IST" name="Default suite" finished-at="2023-08-04T17:33:25 IST" duration-ms="67">
    <groups>
    </groups>
    <test started-at="2023-08-04T17:33:25 IST" name="Default test" finished-at="2023-08-04T17:33:25 IST" duration-ms="67">
      <class name="Practice.SamplePractice1">
        <test-method signature="demo1()[pri:0, instance:Practice.SamplePractice1@5cee5251]" started-at="2023-08-04T17:33:25 IST" name="demo1" finished-at="2023-08-04T17:33:25 IST" duration-ms="13" status="PASS">
          <reporter-output>
          </reporter-output>
        </test-method> <!-- demo1 -->
      </class> <!-- Practice.SamplePractice1 -->
    </test> <!-- Default test -->
  </suite> <!-- Default suite -->
</testng-results>
